<?xml version="1.0" encoding="UTF-8"?>
<!-- Generated by org.testng.reporters.JUnitXMLReporter -->
<testsuite hostname="DESKTOP-TCQQU2Q" name="Default test" tests="3" failures="0" timestamp="7 Oct 2019 11:10:04 GMT" time="21.652" errors="0">
  <testcase name="searchCityAndSelectDate" time="3.174" classname="com.invia.urlaub.testcases.HomePageTest"/>
  <testcase name="selectRoomAndSubmit" time="2.282" classname="com.invia.urlaub.testcases.HomePageTest"/>
  <testcase name="selectFiveStartAndSortByDescendingOrder" time="4.133" classname="com.invia.urlaub.testcases.HomePageTest"/>
</testsuite> <!-- Default test -->
