<?xml version="1.0" encoding="UTF-8"?>
<testng-results skipped="0" failed="0" total="3" passed="3">
  <reporter-output>
  </reporter-output>
  <suite name="Default suite" duration-ms="21652" started-at="2019-10-07T11:09:42Z" finished-at="2019-10-07T11:10:04Z">
    <groups>
    </groups>
    <test name="Default test" duration-ms="21652" started-at="2019-10-07T11:09:42Z" finished-at="2019-10-07T11:10:04Z">
      <class name="com.invia.urlaub.testcases.HomePageTest">
        <test-method status="PASS" signature="setup()[pri:0, instance:com.invia.urlaub.testcases.HomePageTest@28feb3fa]" name="setup" is-config="true" duration-ms="9693" started-at="2019-10-07T13:09:42Z" finished-at="2019-10-07T13:09:52Z">
          <reporter-output>
          </reporter-output>
        </test-method> <!-- setup -->
        <test-method status="PASS" signature="searchCityAndSelectDate()[pri:1, instance:com.invia.urlaub.testcases.HomePageTest@28feb3fa]" name="searchCityAndSelectDate" duration-ms="3174" started-at="2019-10-07T13:09:52Z" finished-at="2019-10-07T13:09:55Z">
          <reporter-output>
          </reporter-output>
        </test-method> <!-- searchCityAndSelectDate -->
        <test-method status="PASS" signature="selectRoomAndSubmit()[pri:2, instance:com.invia.urlaub.testcases.HomePageTest@28feb3fa]" name="selectRoomAndSubmit" duration-ms="2282" started-at="2019-10-07T13:09:55Z" finished-at="2019-10-07T13:09:57Z">
          <reporter-output>
          </reporter-output>
        </test-method> <!-- selectRoomAndSubmit -->
        <test-method status="PASS" signature="selectFiveStartAndSortByDescendingOrder()[pri:3, instance:com.invia.urlaub.testcases.HomePageTest@28feb3fa]" name="selectFiveStartAndSortByDescendingOrder" duration-ms="4133" started-at="2019-10-07T13:09:57Z" finished-at="2019-10-07T13:10:02Z">
          <reporter-output>
          </reporter-output>
        </test-method> <!-- selectFiveStartAndSortByDescendingOrder -->
        <test-method status="PASS" signature="close()[pri:0, instance:com.invia.urlaub.testcases.HomePageTest@28feb3fa]" name="close" is-config="true" duration-ms="2340" started-at="2019-10-07T13:10:02Z" finished-at="2019-10-07T13:10:04Z">
          <reporter-output>
          </reporter-output>
        </test-method> <!-- close -->
      </class> <!-- com.invia.urlaub.testcases.HomePageTest -->
    </test> <!-- Default test -->
  </suite> <!-- Default suite -->
</testng-results>
